{"numFailedTestSuites":1,"numFailedTests":1,"numPassedTestSuites":0,"numPassedTests":6,"numPendingTestSuites":0,"numPendingTests":0,"numRuntimeErrorTestSuites":0,"numTodoTests":0,"numTotalTestSuites":1,"numTotalTests":7,"openHandles":[],"snapshot":{"added":0,"didUpdate":false,"failure":false,"filesAdded":0,"filesRemoved":0,"filesRemovedList":[],"filesUnmatched":0,"filesUpdated":0,"matched":0,"total":0,"unchecked":0,"uncheckedKeysByFile":[],"unmatched":0,"updated":0},"startTime":1772558514936,"success":false,"testResults":[{"assertionResults":[{"ancestorTitles":["Client Authentication & Privacy Guarantees"],"duration":1335,"failing":false,"failureDetails":[],"failureMessages":[],"fullName":"Client Authentication & Privacy Guarantees Scenario 1: Booking submission — 201, token generated in Redis, NO token in API response","invocations":1,"location":null,"numPassingAsserts":5,"retryReasons":[],"startAt":1772558518674,"status":"passed","title":"Scenario 1: Booking submission — 201, token generated in Redis, NO token in API response"},{"ancestorTitles":["Client Authentication & Privacy Guarantees"],"duration":865,"failing":false,"failureDetails":[],"failureMessages":[],"fullName":"Client Authentication & Privacy Guarantees Scenario 2: Token validation & cookie establishment — Single-use verification","invocations":1,"location":null,"numPassingAsserts":7,"retryReasons":[],"startAt":1772558520011,"status":"passed","title":"Scenario 2: Token validation & cookie establishment — Single-use verification"},{"ancestorTitles":["Client Authentication & Privacy Guarantees"],"duration":208,"failing":false,"failureDetails":[],"failureMessages":[],"fullName":"Client Authentication & Privacy Guarantees Scenario 3: Persistent session check — Hydrate state","invocations":1,"location":null,"numPassingAsserts":2,"retryReasons":[],"startAt":1772558520876,"status":"passed","title":"Scenario 3: Persistent session check — Hydrate state"},{"ancestorTitles":["Client Authentication & Privacy Guarantees"],"duration":203,"failing":false,"failureDetails":[],"failureMessages":[],"fullName":"Client Authentication & Privacy Guarantees Scenario 4: Booking view data minimisation","invocations":1,"location":null,"numPassingAsserts":8,"retryReasons":[],"startAt":1772558521085,"status":"passed","title":"Scenario 4: Booking view data minimisation"},{"ancestorTitles":["Client Authentication & Privacy Guarantees"],"duration":264,"failing":false,"failureDetails":[],"failureMessages":[],"fullName":"Client Authentication & Privacy Guarantees Scenario 5: Cross-client access prevention","invocations":1,"location":null,"numPassingAsserts":1,"retryReasons":[],"startAt":1772558521288,"status":"passed","title":"Scenario 5: Cross-client access prevention"},{"ancestorTitles":["Client Authentication & Privacy Guarantees"],"duration":505,"failing":false,"failureDetails":[],"failureMessages":[],"fullName":"Client Authentication & Privacy Guarantees Scenario 6: Expired or invalid token check","invocations":1,"location":null,"numPassingAsserts":1,"retryReasons":[],"startAt":1772558521552,"status":"passed","title":"Scenario 6: Expired or invalid token check"},{"ancestorTitles":["Client Authentication & Privacy Guarantees"],"duration":304,"failing":false,"failureDetails":[{}],"failureMessages":["Error: expected 200 \"OK\", got 500 \"Internal Server Error\"\n    at Object.expect (D:\\Programming\\Development\\Ephemral_fleet_ops_comms\\backend\\tests\\bookings.test.js:198:14)\n    at Promise.finally.completed (D:\\Programming\\Development\\Ephemral_fleet_ops_comms\\backend\\node_modules\\jest-circus\\build\\jestAdapterInit.js:1557:28)\n    at new Promise (<anonymous>)\n    at callAsyncCircusFn (D:\\Programming\\Development\\Ephemral_fleet_ops_comms\\backend\\node_modules\\jest-circus\\build\\jestAdapterInit.js:1497:10)\n    at _callCircusTest (D:\\Programming\\Development\\Ephemral_fleet_ops_comms\\backend\\node_modules\\jest-circus\\build\\jestAdapterInit.js:1007:40)\n    at processTicksAndRejections (node:internal/process/task_queues:103:5)\n    at _runTest (D:\\Programming\\Development\\Ephemral_fleet_ops_comms\\backend\\node_modules\\jest-circus\\build\\jestAdapterInit.js:947:3)\n    at D:\\Programming\\Development\\Ephemral_fleet_ops_comms\\backend\\node_modules\\jest-circus\\build\\jestAdapterInit.js:849:7\n    at _runTestsForDescribeBlock (D:\\Programming\\Development\\Ephemral_fleet_ops_comms\\backend\\node_modules\\jest-circus\\build\\jestAdapterInit.js:862:11)\n    at _runTestsForDescribeBlock (D:\\Programming\\Development\\Ephemral_fleet_ops_comms\\backend\\node_modules\\jest-circus\\build\\jestAdapterInit.js:857:11)\n    at run (D:\\Programming\\Development\\Ephemral_fleet_ops_comms\\backend\\node_modules\\jest-circus\\build\\jestAdapterInit.js:761:3)\n    at runAndTransformResultsToJestFormat (D:\\Programming\\Development\\Ephemral_fleet_ops_comms\\backend\\node_modules\\jest-circus\\build\\jestAdapterInit.js:1918:21)\n    at jestAdapter (D:\\Programming\\Development\\Ephemral_fleet_ops_comms\\backend\\node_modules\\jest-circus\\build\\runner.js:101:19)\n    at runTestInternal (D:\\Programming\\Development\\Ephemral_fleet_ops_comms\\backend\\node_modules\\jest-runner\\build\\index.js:275:16)\n    at runTest (D:\\Programming\\Development\\Ephemral_fleet_ops_comms\\backend\\node_modules\\jest-runner\\build\\index.js:343:7)\n----\n    at Test._assertStatus (D:\\Programming\\Development\\Ephemral_fleet_ops_comms\\backend\\node_modules\\supertest\\lib\\test.js:309:14)\n    at D:\\Programming\\Development\\Ephemral_fleet_ops_comms\\backend\\node_modules\\supertest\\lib\\test.js:365:13\n    at Test._assertFunction (D:\\Programming\\Development\\Ephemral_fleet_ops_comms\\backend\\node_modules\\supertest\\lib\\test.js:342:13)\n    at Test.assert (D:\\Programming\\Development\\Ephemral_fleet_ops_comms\\backend\\node_modules\\supertest\\lib\\test.js:195:23)\n    at localAssert (D:\\Programming\\Development\\Ephemral_fleet_ops_comms\\backend\\node_modules\\supertest\\lib\\test.js:138:14)\n    at Server.<anonymous> (D:\\Programming\\Development\\Ephemral_fleet_ops_comms\\backend\\node_modules\\supertest\\lib\\test.js:152:11)\n    at Object.onceWrapper (node:events:622:28)\n    at Server.emit (node:events:508:28)\n    at emitCloseNT (node:net:2419:8)\n    at processTicksAndRejections (node:internal/process/task_queues:88:21)"],"fullName":"Client Authentication & Privacy Guarantees Scenario 7: Booking history data minimisation","invocations":1,"location":null,"numPassingAsserts":0,"retryReasons":[],"startAt":1772558522057,"status":"failed","title":"Scenario 7: Booking history data minimisation"}],"endTime":1772558523756,"message":"\u001b[1m\u001b[31m  \u001b[1m● \u001b[22m\u001b[1mClient Authentication & Privacy Guarantees › Scenario 7: Booking history data minimisation\u001b[39m\u001b[22m\n\n    expected 200 \"OK\", got 500 \"Internal Server Error\"\n\u001b[2m\u001b[22m\n\u001b[2m    \u001b[0m \u001b[90m 196 |\u001b[39m             \u001b[33m.\u001b[39m\u001b[36mget\u001b[39m(\u001b[32m`${API}/history`\u001b[39m)\u001b[22m\n\u001b[2m     \u001b[90m 197 |\u001b[39m             \u001b[33m.\u001b[39m\u001b[36mset\u001b[39m(\u001b[32m'Cookie'\u001b[39m\u001b[33m,\u001b[39m clientSessionCookie)\u001b[22m\n\u001b[2m    \u001b[31m\u001b[1m>\u001b[22m\u001b[2m\u001b[39m\u001b[90m 198 |\u001b[39m             \u001b[33m.\u001b[39mexpect(\u001b[35m200\u001b[39m)\u001b[33m;\u001b[39m\u001b[22m\n\u001b[2m     \u001b[90m     |\u001b[39m              \u001b[31m\u001b[1m^\u001b[22m\u001b[2m\u001b[39m\u001b[22m\n\u001b[2m     \u001b[90m 199 |\u001b[39m\u001b[22m\n\u001b[2m     \u001b[90m 200 |\u001b[39m         expect(\u001b[33mArray\u001b[39m\u001b[33m.\u001b[39misArray(response\u001b[33m.\u001b[39mbody))\u001b[33m.\u001b[39mtoBe(\u001b[36mtrue\u001b[39m)\u001b[33m;\u001b[39m\u001b[22m\n\u001b[2m     \u001b[90m 201 |\u001b[39m         expect(response\u001b[33m.\u001b[39mbody\u001b[33m.\u001b[39mlength)\u001b[33m.\u001b[39mtoBeGreaterThan(\u001b[35m0\u001b[39m)\u001b[33m;\u001b[39m\u001b[0m\u001b[22m\n\u001b[2m\u001b[22m\n\u001b[2m      \u001b[2mat Object.expect (\u001b[22m\u001b[2m\u001b[0m\u001b[36mtests/bookings.test.js\u001b[39m\u001b[0m\u001b[2m:198:14)\u001b[22m\u001b[2m\u001b[22m\n\u001b[2m      ----\u001b[22m\n\u001b[2m      \u001b[2mat Test._assertStatus (\u001b[22m\u001b[2m\u001b[0m\u001b[36mnode_modules/supertest/lib/test.js\u001b[39m\u001b[0m\u001b[2m:309:14)\u001b[22m\u001b[2m\u001b[22m\n\u001b[2m      \u001b[2mat \u001b[22m\u001b[2m\u001b[0m\u001b[36mnode_modules/supertest/lib/test.js\u001b[39m\u001b[0m\u001b[2m:365:13\u001b[22m\u001b[2m\u001b[22m\n\u001b[2m      \u001b[2mat Test._assertFunction (\u001b[22m\u001b[2m\u001b[0m\u001b[36mnode_modules/supertest/lib/test.js\u001b[39m\u001b[0m\u001b[2m:342:13)\u001b[22m\u001b[2m\u001b[22m\n\u001b[2m      \u001b[2mat Test.assert (\u001b[22m\u001b[2m\u001b[0m\u001b[36mnode_modules/supertest/lib/test.js\u001b[39m\u001b[0m\u001b[2m:195:23)\u001b[22m\u001b[2m\u001b[22m\n\u001b[2m      \u001b[2mat localAssert (\u001b[22m\u001b[2m\u001b[0m\u001b[36mnode_modules/supertest/lib/test.js\u001b[39m\u001b[0m\u001b[2m:138:14)\u001b[22m\u001b[2m\u001b[22m\n\u001b[2m      \u001b[2mat Server.<anonymous> (\u001b[22m\u001b[2m\u001b[0m\u001b[36mnode_modules/supertest/lib/test.js\u001b[39m\u001b[0m\u001b[2m:152:11)\u001b[22m\u001b[2m\u001b[22m\n","name":"D:\\Programming\\Development\\Ephemral_fleet_ops_comms\\backend\\tests\\bookings.test.js","startTime":1772558515004,"status":"failed","summary":""}],"wasInterrupted":false}
